# JRE version: Java(TM) SE Runtime Environment (17.0.12+8) (build 17.0.12+8-LTS-286)
# Java VM: Java HotSpot(TM) 64-Bit Server VM (17.0.12+8-LTS-286, mixed mode, sharing, tiered, compressed oops, compressed class ptrs, g1 gc, windows-amd64)
GC Precious Log:
 CPUs: 12 total, 12 available
 Memory: 7886M
 Large Page Support: Disabled
 NUMA Support: Disabled
 Compressed Oops: Enabled (32-bit)
 Heap Region Size: 1M
 Heap Min Capacity: 8M
 Heap Initial Capacity: 8M
 Heap Max Capacity: 1972M
 Pre-touch: Disabled
 Parallel Workers: 10
 Concurrent Workers: 3
 Concurrent Refinement Workers: 10
 Periodic GC: Disabled
Heap:
 garbage-first heap   total 28672K, used 16521K [0x0000000084c00000, 0x0000000100000000)
  region size 1024K, 6 young (6144K), 1 survivors (1024K)
 Metaspace       used 11231K, committed 11456K, reserved 1114112K
  class space    used 1263K, committed 1408K, reserved 1048576K
GC Heap History (20 events):
Event: 0.752 GC heap before
{Heap before GC invocations=6 (full 0):
 garbage-first heap   total 10240K, used 5429K [0x0000000084c00000, 0x0000000100000000)
  region size 1024K, 3 young (3072K), 1 survivors (1024K)
 Metaspace       used 8199K, committed 8384K, reserved 1114112K
  class space    used 929K, committed 1024K, reserved 1048576K
}
Event: 0.755 GC heap after
{Heap after GC invocations=7 (full 0):
 garbage-first heap   total 10240K, used 3929K [0x0000000084c00000, 0x0000000100000000)
  region size 1024K, 1 young (1024K), 1 survivors (1024K)
 Metaspace       used 8199K, committed 8384K, reserved 1114112K
  class space    used 929K, committed 1024K, reserved 1048576K
}
Event: 0.837 GC heap before
{Heap before GC invocations=7 (full 0):
 garbage-first heap   total 10240K, used 5977K [0x0000000084c00000, 0x0000000100000000)
  region size 1024K, 3 young (3072K), 1 survivors (1024K)
 Metaspace       used 8672K, committed 8832K, reserved 1114112K
  class space    used 992K, committed 1088K, reserved 1048576K
}
Event: 0.840 GC heap after
{Heap after GC invocations=8 (full 0):
 garbage-first heap   total 10240K, used 4953K [0x0000000084c00000, 0x0000000100000000)
  region size 1024K, 1 young (1024K), 1 survivors (1024K)
 Metaspace       used 8672K, committed 8832K, reserved 1114112K
  class space    used 992K, committed 1088K, reserved 1048576K
}
Event: 0.862 GC heap before
{Heap before GC invocations=8 (full 0):
 garbage-first heap   total 10240K, used 5977K [0x0000000084c00000, 0x0000000100000000)
  region size 1024K, 2 young (2048K), 1 survivors (1024K)
 Metaspace       used 8836K, committed 9024K, reserved 1114112K
  class space    used 1013K, committed 1088K, reserved 1048576K
}
Event: 0.865 GC heap after
{Heap after GC invocations=9 (full 0):
 garbage-first heap   total 14336K, used 5191K [0x0000000084c00000, 0x0000000100000000)
  region size 1024K, 1 young (1024K), 1 survivors (1024K)
 Metaspace       used 8836K, committed 9024K, reserved 1114112K
  class space    used 1013K, committed 1088K, reserved 1048576K
}
Event: 0.900 GC heap before
{Heap before GC invocations=9 (full 0):
 garbage-first heap   total 14336K, used 7239K [0x0000000084c00000, 0x0000000100000000)
  region size 1024K, 3 young (3072K), 1 survivors (1024K)
 Metaspace       used 8950K, committed 9088K, reserved 1114112K
  class space    used 1021K, committed 1088K, reserved 1048576K
}
Event: 0.902 GC heap after
{Heap after GC invocations=10 (full 0):
 garbage-first heap   total 14336K, used 5444K [0x0000000084c00000, 0x0000000100000000)
  region size 1024K, 1 young (1024K), 1 survivors (1024K)
 Metaspace       used 8950K, committed 9088K, reserved 1114112K
  class space    used 1021K, committed 1088K, reserved 1048576K
}
Event: 0.912 GC heap before
{Heap before GC invocations=10 (full 0):
 garbage-first heap   total 14336K, used 7492K [0x0000000084c00000, 0x0000000100000000)
  region size 1024K, 3 young (3072K), 1 survivors (1024K)
 Metaspace       used 8971K, committed 9088K, reserved 1114112K
  class space    used 1021K, committed 1088K, reserved 1048576K
}
Event: 0.914 GC heap after
{Heap after GC invocations=11 (full 0):
 garbage-first heap   total 14336K, used 5849K [0x0000000084c00000, 0x0000000100000000)
  region size 1024K, 1 young (1024K), 1 survivors (1024K)
 Metaspace       used 8971K, committed 9088K, reserved 1114112K
  class space    used 1021K, committed 1088K, reserved 1048576K
}
Event: 0.933 GC heap before
{Heap before GC invocations=11 (full 0):
 garbage-first heap   total 14336K, used 8921K [0x0000000084c00000, 0x0000000100000000)
  region size 1024K, 4 young (4096K), 1 survivors (1024K)
 Metaspace       used 8986K, committed 9088K, reserved 1114112K
  class space    used 1021K, committed 1088K, reserved 1048576K
}
Event: 0.936 GC heap after
{Heap after GC invocations=12 (full 0):
 garbage-first heap   total 14336K, used 6278K [0x0000000084c00000, 0x0000000100000000)
  region size 1024K, 1 young (1024K), 1 survivors (1024K)
 Metaspace       used 8986K, committed 9088K, reserved 1114112K
  class space    used 1021K, committed 1088K, reserved 1048576K
}
Event: 0.971 GC heap before
{Heap before GC invocations=12 (full 0):
 garbage-first heap   total 14336K, used 8326K [0x0000000084c00000, 0x0000000100000000)
  region size 1024K, 3 young (3072K), 1 survivors (1024K)
 Metaspace       used 9117K, committed 9280K, reserved 1114112K
  class space    used 1035K, committed 1088K, reserved 1048576K
}
Event: 0.974 GC heap after
{Heap after GC invocations=13 (full 0):
 garbage-first heap   total 28672K, used 6721K [0x0000000084c00000, 0x0000000100000000)
  region size 1024K, 1 young (1024K), 1 survivors (1024K)
 Metaspace       used 9117K, committed 9280K, reserved 1114112K
  class space    used 1035K, committed 1088K, reserved 1048576K
}
Event: 1.077 GC heap before
{Heap before GC invocations=13 (full 0):
 garbage-first heap   total 28672K, used 17985K [0x0000000084c00000, 0x0000000100000000)
  region size 1024K, 12 young (12288K), 1 survivors (1024K)
 Metaspace       used 9301K, committed 9536K, reserved 1114112K
  class space    used 1056K, committed 1152K, reserved 1048576K
}
Event: 1.084 GC heap after
{Heap after GC invocations=14 (full 0):
 garbage-first heap   total 28672K, used 9192K [0x0000000084c00000, 0x0000000100000000)
  region size 1024K, 2 young (2048K), 2 survivors (2048K)
 Metaspace       used 9301K, committed 9536K, reserved 1114112K
  class space    used 1056K, committed 1152K, reserved 1048576K
}
Event: 1.291 GC heap before
{Heap before GC invocations=14 (full 0):
 garbage-first heap   total 28672K, used 17384K [0x0000000084c00000, 0x0000000100000000)
  region size 1024K, 9 young (9216K), 2 survivors (2048K)
 Metaspace       used 10014K, committed 10240K, reserved 1114112K
  class space    used 1131K, committed 1280K, reserved 1048576K
}
Event: 1.298 GC heap after
{Heap after GC invocations=15 (full 0):
 garbage-first heap   total 28672K, used 11252K [0x0000000084c00000, 0x0000000100000000)
  region size 1024K, 2 young (2048K), 2 survivors (2048K)
 Metaspace       used 10014K, committed 10240K, reserved 1114112K
  class space    used 1131K, committed 1280K, reserved 1048576K
}
Event: 1.513 GC heap before
{Heap before GC invocations=15 (full 0):
 garbage-first heap   total 28672K, used 18420K [0x0000000084c00000, 0x0000000100000000)
  region size 1024K, 9 young (9216K), 2 survivors (2048K)
 Metaspace       used 10600K, committed 10816K, reserved 1114112K
  class space    used 1179K, committed 1280K, reserved 1048576K
}
Event: 1.521 GC heap after
{Heap after GC invocations=16 (full 0):
 garbage-first heap   total 28672K, used 12425K [0x0000000084c00000, 0x0000000100000000)
  region size 1024K, 1 young (1024K), 1 survivors (1024K)
 Metaspace       used 10600K, committed 10816K, reserved 1114112K
  class space    used 1179K, committed 1280K, reserved 1048576K
}

